{"/Volumes/External HD/React/vite/my-vue-app/src/App.tsx": {"path":"/Volumes/External HD/React/vite/my-vue-app/src/App.tsx","statementMap":{"0":{"start":{"line":1,"column":0},"end":{"line":1,"column":19}},"1":{"start":{"line":2,"column":0},"end":{"line":2,"column":66}},"2":{"start":{"line":3,"column":0},"end":{"line":3,"column":43}},"3":{"start":{"line":6,"column":2},"end":{"line":10,"column":4}},"4":{"start":{"line":13,"column":0},"end":{"line":13,"column":19}}},"fnMap":{"0":{"name":"App","decl":{"start":{"line":5,"column":9},"end":{"line":5,"column":12}},"loc":{"start":{"line":5,"column":12},"end":{"line":11,"column":1}}}},"branchMap":{},"s":{"0":1,"1":1,"2":1,"3":1,"4":1},"f":{"0":1},"b":{}}
,"/Volumes/External HD/React/vite/my-vue-app/src/AppointmentContext.tsx": {"path":"/Volumes/External HD/React/vite/my-vue-app/src/AppointmentContext.tsx","statementMap":{"0":{"start":{"line":75,"column":2},"end":{"line":75,"column":28}},"1":{"start":{"line":76,"column":2},"end":{"line":76,"column":23}},"2":{"start":{"line":1,"column":0},"end":{"line":1,"column":31}},"3":{"start":{"line":3,"column":0},"end":{"line":3,"column":28}},"4":{"start":{"line":5,"column":0},"end":{"line":5,"column":36}},"5":{"start":{"line":6,"column":27},"end":{"line":12,"column":12}},"6":{"start":{"line":13,"column":27},"end":{"line":45,"column":1}},"7":{"start":{"line":17,"column":2},"end":{"line":44,"column":3}},"8":{"start":{"line":19,"column":6},"end":{"line":23,"column":7}},"9":{"start":{"line":20,"column":8},"end":{"line":20,"column":73}},"10":{"start":{"line":22,"column":8},"end":{"line":22,"column":54}},"11":{"start":{"line":24,"column":6},"end":{"line":24,"column":39}},"12":{"start":{"line":25,"column":6},"end":{"line":25,"column":26}},"13":{"start":{"line":29,"column":6},"end":{"line":29,"column":45}},"14":{"start":{"line":30,"column":27},"end":{"line":30,"column":59}},"15":{"start":{"line":31,"column":6},"end":{"line":31,"column":40}},"16":{"start":{"line":34,"column":6},"end":{"line":34,"column":48}},"17":{"start":{"line":35,"column":6},"end":{"line":35,"column":19}},"18":{"start":{"line":38,"column":6},"end":{"line":38,"column":38}},"19":{"start":{"line":39,"column":6},"end":{"line":39,"column":26}},"20":{"start":{"line":42,"column":6},"end":{"line":42,"column":63}},"21":{"start":{"line":77,"column":2},"end":{"line":77,"column":20}},"22":{"start":{"line":47,"column":28},"end":{"line":51,"column":30}},"23":{"start":{"line":54,"column":16},"end":{"line":57,"column":56}},"24":{"start":{"line":58,"column":2},"end":{"line":62,"column":4}},"25":{"start":{"line":68,"column":18},"end":{"line":68,"column":54}},"26":{"start":{"line":69,"column":2},"end":{"line":71,"column":3}},"27":{"start":{"line":70,"column":4},"end":{"line":70,"column":68}},"28":{"start":{"line":72,"column":2},"end":{"line":72,"column":17}}},"fnMap":{"0":{"name":"(anonymous_7)","decl":{"start":{"line":13,"column":27},"end":{"line":13,"column":null}},"loc":{"start":{"line":16,"column":4},"end":{"line":45,"column":1}}},"1":{"name":"AppointmentContextProvider","decl":{"start":{"line":46,"column":9},"end":{"line":46,"column":35}},"loc":{"start":{"line":46,"column":67},"end":{"line":63,"column":1}}},"2":{"name":"useAppointmentContext","decl":{"start":{"line":64,"column":9},"end":{"line":64,"column":30}},"loc":{"start":{"line":64,"column":30},"end":{"line":73,"column":1}}}},"branchMap":{"0":{"loc":{"start":{"line":17,"column":2},"end":{"line":44,"column":3}},"type":"switch","locations":[{"start":{"line":18,"column":4},"end":{"line":26,"column":5}},{"start":{"line":28,"column":4},"end":{"line":32,"column":5}},{"start":{"line":33,"column":4},"end":{"line":36,"column":5}},{"start":{"line":37,"column":4},"end":{"line":40,"column":5}},{"start":{"line":41,"column":4},"end":{"line":43,"column":5}}]},"1":{"loc":{"start":{"line":19,"column":6},"end":{"line":23,"column":7}},"type":"if","locations":[{"start":{"line":19,"column":6},"end":{"line":23,"column":7}},{"start":{"line":21,"column":13},"end":{"line":23,"column":7}}]},"2":{"loc":{"start":{"line":69,"column":2},"end":{"line":71,"column":3}},"type":"if","locations":[{"start":{"line":69,"column":2},"end":{"line":71,"column":3}}]}},"s":{"0":8,"1":8,"2":8,"3":8,"4":8,"5":8,"6":8,"7":5,"8":2,"9":1,"10":1,"11":2,"12":2,"13":1,"14":1,"15":1,"16":1,"17":1,"18":1,"19":1,"20":0,"21":8,"22":12,"23":12,"24":12,"25":39,"26":39,"27":0,"28":39},"f":{"0":5,"1":12,"2":39},"b":{"0":[2,1,1,1,0],"1":[1,1],"2":[0]}}
,"/Volumes/External HD/React/vite/my-vue-app/src/AppointmentForm.tsx": {"path":"/Volumes/External HD/React/vite/my-vue-app/src/AppointmentForm.tsx","statementMap":{"0":{"start":{"line":2,"column":0},"end":{"line":2,"column":57}},"1":{"start":{"line":3,"column":0},"end":{"line":3,"column":34}},"2":{"start":{"line":4,"column":24},"end":{"line":98,"column":1}},"3":{"start":{"line":21,"column":6},"end":{"line":21,"column":63}},"4":{"start":{"line":23,"column":2},"end":{"line":32,"column":45}},"5":{"start":{"line":24,"column":4},"end":{"line":31,"column":5}},"6":{"start":{"line":25,"column":52},"end":{"line":25,"column":69}},"7":{"start":{"line":27,"column":6},"end":{"line":29,"column":7}},"8":{"start":{"line":28,"column":8},"end":{"line":28,"column":30}},"9":{"start":{"line":30,"column":6},"end":{"line":30,"column":41}},"10":{"start":{"line":33,"column":2},"end":{"line":97,"column":4}},"11":{"start":{"line":43,"column":23},"end":{"line":43,"column":57}},"12":{"start":{"line":89,"column":12},"end":{"line":89,"column":50}},"13":{"start":{"line":100,"column":0},"end":{"line":100,"column":31}}},"fnMap":{"0":{"name":"(anonymous_0)","decl":{"start":{"line":4,"column":24},"end":{"line":4,"column":25}},"loc":{"start":{"line":14,"column":5},"end":{"line":98,"column":1}}},"1":{"name":"(anonymous_1)","decl":{"start":{"line":23,"column":12},"end":{"line":23,"column":15}},"loc":{"start":{"line":23,"column":17},"end":{"line":32,"column":3}}},"2":{"name":"(anonymous_2)","decl":{"start":{"line":43,"column":17},"end":{"line":43,"column":20}},"loc":{"start":{"line":43,"column":23},"end":{"line":43,"column":57}}},"3":{"name":"(anonymous_3)","decl":{"start":{"line":88,"column":19},"end":{"line":88,"column":22}},"loc":{"start":{"line":88,"column":24},"end":{"line":90,"column":11}}}},"branchMap":{"0":{"loc":{"start":{"line":24,"column":4},"end":{"line":31,"column":5}},"type":"if","locations":[{"start":{"line":24,"column":4},"end":{"line":31,"column":5}}]},"1":{"loc":{"start":{"line":27,"column":6},"end":{"line":29,"column":7}},"type":"if","locations":[{"start":{"line":27,"column":6},"end":{"line":29,"column":7}}]},"2":{"loc":{"start":{"line":37,"column":8},"end":{"line":37,"column":null}},"type":"cond-expr","locations":[{"start":{"line":37,"column":25},"end":{"line":37,"column":36}},{"start":{"line":37,"column":39},"end":{"line":37,"column":null}}]}},"s":{"0":3,"1":3,"2":3,"3":5,"4":5,"5":5,"6":2,"7":2,"8":2,"9":2,"10":5,"11":1,"12":1,"13":3},"f":{"0":5,"1":5,"2":1,"3":1},"b":{"0":[2],"1":[2],"2":[4,1]}}
,"/Volumes/External HD/React/vite/my-vue-app/src/main.tsx": {"path":"/Volumes/External HD/React/vite/my-vue-app/src/main.tsx","statementMap":{"0":{"start":{"line":1,"column":0},"end":{"line":1,"column":35}},"1":{"start":{"line":2,"column":0},"end":{"line":2,"column":46}},"2":{"start":{"line":3,"column":0},"end":{"line":3,"column":28}},"3":{"start":{"line":4,"column":0},"end":{"line":4,"column":21}},"4":{"start":{"line":6,"column":0},"end":{"line":10,"column":2}}},"fnMap":{},"branchMap":{},"s":{"0":0,"1":0,"2":0,"3":0,"4":0},"f":{},"b":{}}
,"/Volumes/External HD/React/vite/my-vue-app/src/vite-env.d.ts": {"path":"/Volumes/External HD/React/vite/my-vue-app/src/vite-env.d.ts","statementMap":{},"fnMap":{},"branchMap":{},"s":{},"f":{},"b":{}}
,"/Volumes/External HD/React/vite/my-vue-app/src/calendar/Calendar.tsx": {"path":"/Volumes/External HD/React/vite/my-vue-app/src/calendar/Calendar.tsx","statementMap":{"0":{"start":{"line":1,"column":0},"end":{"line":1,"column":28}},"1":{"start":{"line":2,"column":0},"end":{"line":2,"column":33}},"2":{"start":{"line":4,"column":0},"end":{"line":4,"column":26}},"3":{"start":{"line":5,"column":0},"end":{"line":5,"column":49}},"4":{"start":{"line":6,"column":0},"end":{"line":6,"column":30}},"5":{"start":{"line":7,"column":0},"end":{"line":7,"column":32}},"6":{"start":{"line":9,"column":0},"end":{"line":9,"column":62}},"7":{"start":{"line":10,"column":0},"end":{"line":10,"column":46}},"8":{"start":{"line":11,"column":17},"end":{"line":103,"column":1}},"9":{"start":{"line":15,"column":6},"end":{"line":15,"column":29}},"10":{"start":{"line":17,"column":50},"end":{"line":17,"column":73}},"11":{"start":{"line":18,"column":46},"end":{"line":18,"column":70}},"12":{"start":{"line":20,"column":25},"end":{"line":20,"column":61}},"13":{"start":{"line":22,"column":19},"end":{"line":22,"column":43}},"14":{"start":{"line":24,"column":21},"end":{"line":26,"column":25}},"15":{"start":{"line":28,"column":25},"end":{"line":36,"column":3}},"16":{"start":{"line":29,"column":55},"end":{"line":31,"column":21}},"17":{"start":{"line":32,"column":4},"end":{"line":32,"column":28}},"18":{"start":{"line":33,"column":4},"end":{"line":35,"column":5}},"19":{"start":{"line":34,"column":6},"end":{"line":34,"column":54}},"20":{"start":{"line":37,"column":26},"end":{"line":46,"column":3}},"21":{"start":{"line":38,"column":4},"end":{"line":38,"column":73}},"22":{"start":{"line":40,"column":6},"end":{"line":40,"column":38}},"23":{"start":{"line":41,"column":4},"end":{"line":41,"column":28}},"24":{"start":{"line":42,"column":4},"end":{"line":45,"column":5}},"25":{"start":{"line":43,"column":6},"end":{"line":43,"column":62}},"26":{"start":{"line":44,"column":6},"end":{"line":44,"column":54}},"27":{"start":{"line":48,"column":32},"end":{"line":57,"column":3}},"28":{"start":{"line":50,"column":4},"end":{"line":56,"column":5}},"29":{"start":{"line":51,"column":6},"end":{"line":54,"column":8}},"30":{"start":{"line":55,"column":6},"end":{"line":55,"column":65}},"31":{"start":{"line":58,"column":2},"end":{"line":102,"column":4}},"32":{"start":{"line":80,"column":16},"end":{"line":81,"column":null}},"33":{"start":{"line":88,"column":14},"end":{"line":88,"column":33}},"34":{"start":{"line":105,"column":0},"end":{"line":105,"column":24}}},"fnMap":{"0":{"name":"(anonymous_1)","decl":{"start":{"line":11,"column":17},"end":{"line":11,"column":20}},"loc":{"start":{"line":11,"column":22},"end":{"line":103,"column":1}}},"1":{"name":"(anonymous_2)","decl":{"start":{"line":28,"column":25},"end":{"line":28,"column":28}},"loc":{"start":{"line":28,"column":30},"end":{"line":36,"column":3}}},"2":{"name":"(anonymous_3)","decl":{"start":{"line":37,"column":26},"end":{"line":37,"column":27}},"loc":{"start":{"line":37,"column":53},"end":{"line":46,"column":3}}},"3":{"name":"(anonymous_4)","decl":{"start":{"line":48,"column":32},"end":{"line":48,"column":33}},"loc":{"start":{"line":48,"column":59},"end":{"line":57,"column":3}}},"4":{"name":"(anonymous_5)","decl":{"start":{"line":78,"column":31},"end":{"line":78,"column":32}},"loc":{"start":{"line":78,"column":40},"end":{"line":89,"column":13}}}},"branchMap":{"0":{"loc":{"start":{"line":33,"column":4},"end":{"line":35,"column":5}},"type":"if","locations":[{"start":{"line":33,"column":4},"end":{"line":35,"column":5}}]},"1":{"loc":{"start":{"line":42,"column":4},"end":{"line":45,"column":5}},"type":"if","locations":[{"start":{"line":42,"column":4},"end":{"line":45,"column":5}}]},"2":{"loc":{"start":{"line":50,"column":4},"end":{"line":56,"column":5}},"type":"if","locations":[{"start":{"line":50,"column":4},"end":{"line":56,"column":5}}]},"3":{"loc":{"start":{"line":92,"column":9},"end":{"line":98,"column":null}},"type":"binary-expr","locations":[{"start":{"line":92,"column":9},"end":{"line":92,"column":23}},{"start":{"line":93,"column":10},"end":{"line":97,"column":null}}]}},"s":{"0":2,"1":2,"2":2,"3":2,"4":2,"5":2,"6":2,"7":2,"8":2,"9":7,"10":7,"11":7,"12":7,"13":7,"14":7,"15":7,"16":1,"17":1,"18":1,"19":1,"20":7,"21":2,"22":2,"23":2,"24":2,"25":0,"26":0,"27":7,"28":0,"29":0,"30":0,"31":7,"32":35,"33":35,"34":2},"f":{"0":7,"1":1,"2":2,"3":0,"4":35},"b":{"0":[1],"1":[0],"2":[0],"3":[7,3]}}
,"/Volumes/External HD/React/vite/my-vue-app/src/calendar/Contants.ts": {"path":"/Volumes/External HD/React/vite/my-vue-app/src/calendar/Contants.ts","statementMap":{"0":{"start":{"line":1,"column":13},"end":{"line":1,"column":28}},"1":{"start":{"line":2,"column":13},"end":{"line":2,"column":45}},"2":{"start":{"line":3,"column":13},"end":{"line":3,"column":34}},"3":{"start":{"line":4,"column":13},"end":{"line":4,"column":35}}},"fnMap":{},"branchMap":{},"s":{"0":7,"1":7,"2":7,"3":7},"f":{},"b":{}}
,"/Volumes/External HD/React/vite/my-vue-app/src/calendar/Day.tsx": {"path":"/Volumes/External HD/React/vite/my-vue-app/src/calendar/Day.tsx","statementMap":{"0":{"start":{"line":2,"column":0},"end":{"line":2,"column":62}},"1":{"start":{"line":3,"column":0},"end":{"line":3,"column":46}},"2":{"start":{"line":6,"column":12},"end":{"line":35,"column":1}},"3":{"start":{"line":16,"column":6},"end":{"line":16,"column":29}},"4":{"start":{"line":18,"column":2},"end":{"line":34,"column":4}},"5":{"start":{"line":28,"column":21},"end":{"line":28,"column":78}},"6":{"start":{"line":37,"column":0},"end":{"line":37,"column":19}}},"fnMap":{"0":{"name":"(anonymous_0)","decl":{"start":{"line":6,"column":12},"end":{"line":6,"column":13}},"loc":{"start":{"line":12,"column":5},"end":{"line":35,"column":1}}},"1":{"name":"(anonymous_1)","decl":{"start":{"line":28,"column":15},"end":{"line":28,"column":18}},"loc":{"start":{"line":28,"column":21},"end":{"line":28,"column":78}}}},"branchMap":{"0":{"loc":{"start":{"line":18,"column":9},"end":{"line":33,"column":null}},"type":"cond-expr","locations":[{"start":{"line":19,"column":4},"end":{"line":20,"column":null}},{"start":{"line":33,"column":4},"end":{"line":33,"column":69}}]},"1":{"loc":{"start":{"line":23,"column":8},"end":{"line":26,"column":null}},"type":"cond-expr","locations":[{"start":{"line":25,"column":12},"end":{"line":25,"column":24}},{"start":{"line":26,"column":12},"end":{"line":26,"column":null}}]}},"s":{"0":4,"1":4,"2":4,"3":219,"4":219,"5":1,"6":4},"f":{"0":219,"1":1},"b":{"0":[218,1],"1":[8,210]}}
,"/Volumes/External HD/React/vite/my-vue-app/src/calendar/Header.tsx": {"path":"/Volumes/External HD/React/vite/my-vue-app/src/calendar/Header.tsx","statementMap":{"0":{"start":{"line":1,"column":0},"end":{"line":1,"column":44}},"1":{"start":{"line":2,"column":0},"end":{"line":2,"column":44}},"2":{"start":{"line":4,"column":15},"end":{"line":13,"column":1}},"3":{"start":{"line":5,"column":2},"end":{"line":12,"column":4}},"4":{"start":{"line":15,"column":0},"end":{"line":15,"column":22}}},"fnMap":{"0":{"name":"(anonymous_1)","decl":{"start":{"line":4,"column":15},"end":{"line":4,"column":18}},"loc":{"start":{"line":4,"column":20},"end":{"line":13,"column":1}}}},"branchMap":{},"s":{"0":2,"1":2,"2":2,"3":7,"4":2},"f":{"0":7},"b":{}}
,"/Volumes/External HD/React/vite/my-vue-app/src/calendar/MonthSelector.tsx": {"path":"/Volumes/External HD/React/vite/my-vue-app/src/calendar/MonthSelector.tsx","statementMap":{"0":{"start":{"line":1,"column":0},"end":{"line":1,"column":28}},"1":{"start":{"line":2,"column":0},"end":{"line":2,"column":62}},"2":{"start":{"line":3,"column":0},"end":{"line":3,"column":55}},"3":{"start":{"line":5,"column":22},"end":{"line":48,"column":1}},"4":{"start":{"line":9,"column":6},"end":{"line":9,"column":29}},"5":{"start":{"line":10,"column":22},"end":{"line":10,"column":68}},"6":{"start":{"line":11,"column":21},"end":{"line":11,"column":52}},"7":{"start":{"line":12,"column":30},"end":{"line":17,"column":3}},"8":{"start":{"line":13,"column":4},"end":{"line":16,"column":7}},"9":{"start":{"line":18,"column":26},"end":{"line":23,"column":3}},"10":{"start":{"line":19,"column":4},"end":{"line":22,"column":7}},"11":{"start":{"line":24,"column":2},"end":{"line":47,"column":4}},"12":{"start":{"line":50,"column":0},"end":{"line":50,"column":29}}},"fnMap":{"0":{"name":"(anonymous_1)","decl":{"start":{"line":5,"column":22},"end":{"line":5,"column":25}},"loc":{"start":{"line":5,"column":27},"end":{"line":48,"column":1}}},"1":{"name":"(anonymous_2)","decl":{"start":{"line":12,"column":30},"end":{"line":12,"column":33}},"loc":{"start":{"line":12,"column":35},"end":{"line":17,"column":3}}},"2":{"name":"(anonymous_3)","decl":{"start":{"line":18,"column":26},"end":{"line":18,"column":29}},"loc":{"start":{"line":18,"column":31},"end":{"line":23,"column":3}}}},"branchMap":{},"s":{"0":3,"1":3,"2":3,"3":3,"4":8,"5":8,"6":8,"7":8,"8":1,"9":8,"10":1,"11":8,"12":3},"f":{"0":8,"1":1,"2":1},"b":{}}
,"/Volumes/External HD/React/vite/my-vue-app/src/calendar/Sidebar.tsx": {"path":"/Volumes/External HD/React/vite/my-vue-app/src/calendar/Sidebar.tsx","statementMap":{"0":{"start":{"line":1,"column":0},"end":{"line":1,"column":62}},"1":{"start":{"line":2,"column":0},"end":{"line":2,"column":60}},"2":{"start":{"line":4,"column":16},"end":{"line":64,"column":1}},"3":{"start":{"line":16,"column":6},"end":{"line":16,"column":29}},"4":{"start":{"line":17,"column":28},"end":{"line":19,"column":3}},"5":{"start":{"line":18,"column":4},"end":{"line":18,"column":66}},"6":{"start":{"line":20,"column":22},"end":{"line":20,"column":68}},"7":{"start":{"line":21,"column":2},"end":{"line":63,"column":4}},"8":{"start":{"line":26,"column":23},"end":{"line":26,"column":39}},"9":{"start":{"line":40,"column":16},"end":{"line":41,"column":null}},"10":{"start":{"line":46,"column":12},"end":{"line":46,"column":null}},"11":{"start":{"line":48,"column":31},"end":{"line":48,"column":52}},"12":{"start":{"line":55,"column":31},"end":{"line":55,"column":54}},"13":{"start":{"line":66,"column":0},"end":{"line":66,"column":23}}},"fnMap":{"0":{"name":"(anonymous_0)","decl":{"start":{"line":4,"column":16},"end":{"line":4,"column":17}},"loc":{"start":{"line":12,"column":5},"end":{"line":64,"column":1}}},"1":{"name":"(anonymous_1)","decl":{"start":{"line":17,"column":28},"end":{"line":17,"column":29}},"loc":{"start":{"line":17,"column":55},"end":{"line":19,"column":3}}},"2":{"name":"(anonymous_2)","decl":{"start":{"line":26,"column":17},"end":{"line":26,"column":20}},"loc":{"start":{"line":26,"column":23},"end":{"line":26,"column":39}}},"3":{"name":"(anonymous_3)","decl":{"start":{"line":39,"column":39},"end":{"line":39,"column":40}},"loc":{"start":{"line":40,"column":16},"end":{"line":41,"column":null}}},"4":{"name":"(anonymous_4)","decl":{"start":{"line":45,"column":16},"end":{"line":45,"column":17}},"loc":{"start":{"line":46,"column":12},"end":{"line":46,"column":null}}},"5":{"name":"(anonymous_5)","decl":{"start":{"line":48,"column":25},"end":{"line":48,"column":28}},"loc":{"start":{"line":48,"column":31},"end":{"line":48,"column":52}}},"6":{"name":"(anonymous_6)","decl":{"start":{"line":55,"column":25},"end":{"line":55,"column":28}},"loc":{"start":{"line":55,"column":31},"end":{"line":55,"column":54}}}},"branchMap":{"0":{"loc":{"start":{"line":36,"column":9},"end":{"line":60,"column":12}},"type":"binary-expr","locations":[{"start":{"line":36,"column":9},"end":{"line":36,"column":30}},{"start":{"line":37,"column":10},"end":{"line":60,"column":12}}]}},"s":{"0":3,"1":3,"2":3,"3":8,"4":8,"5":1,"6":8,"7":8,"8":2,"9":7,"10":7,"11":3,"12":1,"13":3},"f":{"0":8,"1":1,"2":2,"3":7,"4":7,"5":3,"6":1},"b":{"0":[8,7]}}
,"/Volumes/External HD/React/vite/my-vue-app/src/calendar/TodaySelector.tsx": {"path":"/Volumes/External HD/React/vite/my-vue-app/src/calendar/TodaySelector.tsx","statementMap":{"0":{"start":{"line":1,"column":0},"end":{"line":1,"column":28}},"1":{"start":{"line":2,"column":0},"end":{"line":2,"column":62}},"2":{"start":{"line":4,"column":22},"end":{"line":14,"column":1}},"3":{"start":{"line":5,"column":23},"end":{"line":5,"column":46}},"4":{"start":{"line":6,"column":2},"end":{"line":13,"column":4}},"5":{"start":{"line":9,"column":21},"end":{"line":9,"column":76}},"6":{"start":{"line":16,"column":0},"end":{"line":16,"column":29}}},"fnMap":{"0":{"name":"(anonymous_1)","decl":{"start":{"line":4,"column":22},"end":{"line":4,"column":25}},"loc":{"start":{"line":4,"column":27},"end":{"line":14,"column":1}}},"1":{"name":"(anonymous_2)","decl":{"start":{"line":9,"column":15},"end":{"line":9,"column":18}},"loc":{"start":{"line":9,"column":21},"end":{"line":9,"column":76}}}},"branchMap":{},"s":{"0":2,"1":2,"2":2,"3":7,"4":7,"5":0,"6":2},"f":{"0":7,"1":0},"b":{}}
,"/Volumes/External HD/React/vite/my-vue-app/src/calendar/Week.tsx": {"path":"/Volumes/External HD/React/vite/my-vue-app/src/calendar/Week.tsx","statementMap":{"0":{"start":{"line":1,"column":0},"end":{"line":1,"column":62}},"1":{"start":{"line":2,"column":0},"end":{"line":2,"column":58}},"2":{"start":{"line":3,"column":0},"end":{"line":3,"column":24}},"3":{"start":{"line":4,"column":0},"end":{"line":4,"column":28}},"4":{"start":{"line":6,"column":13},"end":{"line":72,"column":1}},"5":{"start":{"line":19,"column":6},"end":{"line":19,"column":29}},"6":{"start":{"line":20,"column":33},"end":{"line":22,"column":29}},"7":{"start":{"line":23,"column":26},"end":{"line":23,"column":58}},"8":{"start":{"line":24,"column":21},"end":{"line":24,"column":76}},"9":{"start":{"line":25,"column":28},"end":{"line":27,"column":10}},"10":{"start":{"line":28,"column":28},"end":{"line":28,"column":60}},"11":{"start":{"line":30,"column":2},"end":{"line":71,"column":4}},"12":{"start":{"line":34,"column":10},"end":{"line":34,"column":76}},"13":{"start":{"line":36,"column":8},"end":{"line":68,"column":9}},"14":{"start":{"line":37,"column":30},"end":{"line":39,"column":null}},"15":{"start":{"line":41,"column":10},"end":{"line":47,"column":12}},"16":{"start":{"line":48,"column":15},"end":{"line":68,"column":9}},"17":{"start":{"line":49,"column":10},"end":{"line":55,"column":12}},"18":{"start":{"line":56,"column":15},"end":{"line":68,"column":9}},"19":{"start":{"line":60,"column":30},"end":{"line":60,"column":75}},"20":{"start":{"line":61,"column":10},"end":{"line":67,"column":12}},"21":{"start":{"line":74,"column":0},"end":{"line":74,"column":20}}},"fnMap":{"0":{"name":"(anonymous_1)","decl":{"start":{"line":6,"column":13},"end":{"line":6,"column":14}},"loc":{"start":{"line":16,"column":5},"end":{"line":72,"column":1}}},"1":{"name":"(anonymous_2)","decl":{"start":{"line":32,"column":34},"end":{"line":32,"column":35}},"loc":{"start":{"line":32,"column":43},"end":{"line":69,"column":7}}}},"branchMap":{"0":{"loc":{"start":{"line":36,"column":8},"end":{"line":68,"column":9}},"type":"if","locations":[{"start":{"line":36,"column":8},"end":{"line":68,"column":9}},{"start":{"line":48,"column":15},"end":{"line":68,"column":9}}]},"1":{"loc":{"start":{"line":36,"column":12},"end":{"line":36,"column":58}},"type":"binary-expr","locations":[{"start":{"line":36,"column":12},"end":{"line":36,"column":43}},{"start":{"line":36,"column":47},"end":{"line":36,"column":58}}]},"2":{"loc":{"start":{"line":48,"column":15},"end":{"line":68,"column":9}},"type":"if","locations":[{"start":{"line":48,"column":15},"end":{"line":68,"column":9}},{"start":{"line":56,"column":15},"end":{"line":68,"column":9}}]},"3":{"loc":{"start":{"line":48,"column":19},"end":{"line":48,"column":52}},"type":"binary-expr","locations":[{"start":{"line":48,"column":19},"end":{"line":48,"column":30}},{"start":{"line":48,"column":34},"end":{"line":48,"column":52}}]},"4":{"loc":{"start":{"line":56,"column":15},"end":{"line":68,"column":9}},"type":"if","locations":[{"start":{"line":56,"column":15},"end":{"line":68,"column":9}}]},"5":{"loc":{"start":{"line":57,"column":10},"end":{"line":58,"column":26}},"type":"binary-expr","locations":[{"start":{"line":57,"column":10},"end":{"line":57,"column":55}},{"start":{"line":58,"column":10},"end":{"line":58,"column":26}}]}},"s":{"0":3,"1":3,"2":3,"3":3,"4":3,"5":36,"6":36,"7":36,"8":36,"9":36,"10":36,"11":36,"12":252,"13":252,"14":56,"15":56,"16":196,"17":0,"18":196,"19":161,"20":161,"21":3},"f":{"0":36,"1":252},"b":{"0":[56,196],"1":[252,252],"2":[0,196],"3":[196,0],"4":[161],"5":[196,161]}}
}
