TN:
SF:src/App.tsx
FN:5,App
FNF:1
FNH:1
FNDA:1,App
DA:1,1
DA:2,1
DA:3,1
DA:6,1
DA:13,1
LF:5
LH:5
BRF:0
BRH:0
end_of_record
TN:
SF:src/AppointmentContext.tsx
FN:13,(anonymous_7)
FN:46,AppointmentContextProvider
FN:64,useAppointmentContext
FNF:3
FNH:3
FNDA:5,(anonymous_7)
FNDA:12,AppointmentContextProvider
FNDA:39,useAppointmentContext
DA:1,8
DA:3,8
DA:5,8
DA:6,8
DA:13,8
DA:17,5
DA:19,2
DA:20,1
DA:22,1
DA:24,2
DA:25,2
DA:29,1
DA:30,1
DA:31,1
DA:34,1
DA:35,1
DA:38,1
DA:39,1
DA:42,0
DA:47,12
DA:54,12
DA:58,12
DA:68,39
DA:69,39
DA:70,0
DA:72,39
DA:75,8
DA:76,8
DA:77,8
LF:29
LH:27
BRDA:17,0,0,2
BRDA:17,0,1,1
BRDA:17,0,2,1
BRDA:17,0,3,1
BRDA:17,0,4,0
BRDA:19,1,0,1
BRDA:19,1,1,1
BRDA:69,2,0,0
BRF:8
BRH:6
end_of_record
TN:
SF:src/AppointmentForm.tsx
FN:4,(anonymous_0)
FN:23,(anonymous_1)
FN:43,(anonymous_2)
FN:88,(anonymous_3)
FNF:4
FNH:4
FNDA:5,(anonymous_0)
FNDA:5,(anonymous_1)
FNDA:1,(anonymous_2)
FNDA:1,(anonymous_3)
DA:2,3
DA:3,3
DA:4,3
DA:21,5
DA:23,5
DA:24,5
DA:25,2
DA:27,2
DA:28,2
DA:30,2
DA:33,5
DA:43,1
DA:89,1
DA:100,3
LF:14
LH:14
BRDA:24,0,0,2
BRDA:27,1,0,2
BRDA:37,2,0,4
BRDA:37,2,1,1
BRF:4
BRH:4
end_of_record
TN:
SF:src/main.tsx
FNF:0
FNH:0
DA:1,0
DA:2,0
DA:3,0
DA:4,0
DA:6,0
LF:5
LH:0
BRF:0
BRH:0
end_of_record
TN:
SF:src/vite-env.d.ts
FNF:0
FNH:0
LF:0
LH:0
BRF:0
BRH:0
end_of_record
TN:
SF:src/calendar/Calendar.tsx
FN:11,(anonymous_1)
FN:28,(anonymous_2)
FN:37,(anonymous_3)
FN:48,(anonymous_4)
FN:78,(anonymous_5)
FNF:5
FNH:4
FNDA:7,(anonymous_1)
FNDA:1,(anonymous_2)
FNDA:2,(anonymous_3)
FNDA:0,(anonymous_4)
FNDA:35,(anonymous_5)
DA:1,2
DA:2,2
DA:4,2
DA:5,2
DA:6,2
DA:7,2
DA:9,2
DA:10,2
DA:11,2
DA:15,7
DA:17,7
DA:18,7
DA:20,7
DA:22,7
DA:24,7
DA:28,7
DA:29,1
DA:32,1
DA:33,1
DA:34,1
DA:37,7
DA:38,2
DA:40,2
DA:41,2
DA:42,2
DA:43,0
DA:44,0
DA:48,7
DA:50,0
DA:51,0
DA:55,0
DA:58,7
DA:80,35
DA:88,35
DA:105,2
LF:35
LH:30
BRDA:33,0,0,1
BRDA:42,1,0,0
BRDA:50,2,0,0
BRDA:92,3,0,7
BRDA:92,3,1,3
BRF:5
BRH:3
end_of_record
TN:
SF:src/calendar/Contants.ts
FNF:0
FNH:0
DA:1,7
DA:2,7
DA:3,7
DA:4,7
LF:4
LH:4
BRF:0
BRH:0
end_of_record
TN:
SF:src/calendar/Day.tsx
FN:6,(anonymous_0)
FN:28,(anonymous_1)
FNF:2
FNH:2
FNDA:219,(anonymous_0)
FNDA:1,(anonymous_1)
DA:2,4
DA:3,4
DA:6,4
DA:16,219
DA:18,219
DA:28,1
DA:37,4
LF:7
LH:7
BRDA:18,0,0,218
BRDA:18,0,1,1
BRDA:23,1,0,8
BRDA:23,1,1,210
BRF:4
BRH:4
end_of_record
TN:
SF:src/calendar/Header.tsx
FN:4,(anonymous_1)
FNF:1
FNH:1
FNDA:7,(anonymous_1)
DA:1,2
DA:2,2
DA:4,2
DA:5,7
DA:15,2
LF:5
LH:5
BRF:0
BRH:0
end_of_record
TN:
SF:src/calendar/MonthSelector.tsx
FN:5,(anonymous_1)
FN:12,(anonymous_2)
FN:18,(anonymous_3)
FNF:3
FNH:3
FNDA:8,(anonymous_1)
FNDA:1,(anonymous_2)
FNDA:1,(anonymous_3)
DA:1,3
DA:2,3
DA:3,3
DA:5,3
DA:9,8
DA:10,8
DA:11,8
DA:12,8
DA:13,1
DA:18,8
DA:19,1
DA:24,8
DA:50,3
LF:13
LH:13
BRF:0
BRH:0
end_of_record
TN:
SF:src/calendar/Sidebar.tsx
FN:4,(anonymous_0)
FN:17,(anonymous_1)
FN:26,(anonymous_2)
FN:39,(anonymous_3)
FN:45,(anonymous_4)
FN:48,(anonymous_5)
FN:55,(anonymous_6)
FNF:7
FNH:7
FNDA:8,(anonymous_0)
FNDA:1,(anonymous_1)
FNDA:2,(anonymous_2)
FNDA:7,(anonymous_3)
FNDA:7,(anonymous_4)
FNDA:3,(anonymous_5)
FNDA:1,(anonymous_6)
DA:1,3
DA:2,3
DA:4,3
DA:16,8
DA:17,8
DA:18,1
DA:20,8
DA:21,8
DA:26,2
DA:40,7
DA:46,7
DA:48,3
DA:55,1
DA:66,3
LF:14
LH:14
BRDA:36,0,0,8
BRDA:36,0,1,7
BRF:2
BRH:2
end_of_record
TN:
SF:src/calendar/TodaySelector.tsx
FN:4,(anonymous_1)
FN:9,(anonymous_2)
FNF:2
FNH:1
FNDA:7,(anonymous_1)
FNDA:0,(anonymous_2)
DA:1,2
DA:2,2
DA:4,2
DA:5,7
DA:6,7
DA:9,0
DA:16,2
LF:7
LH:6
BRF:0
BRH:0
end_of_record
TN:
SF:src/calendar/Week.tsx
FN:6,(anonymous_1)
FN:32,(anonymous_2)
FNF:2
FNH:2
FNDA:36,(anonymous_1)
FNDA:252,(anonymous_2)
DA:1,3
DA:2,3
DA:3,3
DA:4,3
DA:6,3
DA:19,36
DA:20,36
DA:23,36
DA:24,36
DA:25,36
DA:28,36
DA:30,36
DA:34,252
DA:36,252
DA:37,56
DA:41,56
DA:48,196
DA:49,0
DA:56,196
DA:60,161
DA:61,161
DA:74,3
LF:22
LH:21
BRDA:36,0,0,56
BRDA:36,0,1,196
BRDA:36,1,0,252
BRDA:36,1,1,252
BRDA:48,2,0,0
BRDA:48,2,1,196
BRDA:48,3,0,196
BRDA:48,3,1,0
BRDA:56,4,0,161
BRDA:57,5,0,196
BRDA:57,5,1,161
BRF:11
BRH:9
end_of_record
